ERROR 2026-02-22 19:55:42,761 log log_message 14732 29300 | Internal Server Error: /login/
Traceback (most recent call last):
  File "C:\Users\Amol Bandgar\Desktop\python_django\ai_expense_saas\venv\Lib\site-packages\django\core\handlers\exception.py", line 55, in inner
    response = get_response(request)
  File "C:\Users\Amol Bandgar\Desktop\python_django\ai_expense_saas\venv\Lib\site-packages\django\core\handlers\base.py", line 198, in _get_response
    response = wrapped_callback(request, *callback_args, **callback_kwargs)
  File "C:\Users\Amol Bandgar\Desktop\python_django\ai_expense_saas\venv\Lib\site-packages\django\views\generic\base.py", line 106, in view
    return self.dispatch(request, *args, **kwargs)
           ~~~~~~~~~~~~~^^^^^^^^^^^^^^^^^^^^^^^^^^
  File "C:\Users\Amol Bandgar\Desktop\python_django\ai_expense_saas\venv\Lib\site-packages\django\views\generic\base.py", line 145, in dispatch
    return handler(request, *args, **kwargs)
  File "C:\Users\Amol Bandgar\Desktop\python_django\ai_expense_saas\apps\users\views.py", line 21, in get
    return render(request, self.template_name, {'form': form})
  File "C:\Users\Amol Bandgar\Desktop\python_django\ai_expense_saas\venv\Lib\site-packages\django\shortcuts.py", line 25, in render
    content = loader.render_to_string(template_name, context, request, using=using)
  File "C:\Users\Amol Bandgar\Desktop\python_django\ai_expense_saas\venv\Lib\site-packages\django\template\loader.py", line 62, in render_to_string
    return template.render(context, request)
           ~~~~~~~~~~~~~~~^^^^^^^^^^^^^^^^^^
  File "C:\Users\Amol Bandgar\Desktop\python_django\ai_expense_saas\venv\Lib\site-packages\django\template\backends\django.py", line 107, in render
    return self.template.render(context)
           ~~~~~~~~~~~~~~~~~~~~^^^^^^^^^
  File "C:\Users\Amol Bandgar\Desktop\python_django\ai_expense_saas\venv\Lib\site-packages\django\template\base.py", line 174, in render
    return self._render(context)
           ~~~~~~~~~~~~^^^^^^^^^
  File "C:\Users\Amol Bandgar\Desktop\python_django\ai_expense_saas\venv\Lib\site-packages\django\template\base.py", line 166, in _render
    return self.nodelist.render(context)
           ~~~~~~~~~~~~~~~~~~~~^^^^^^^^^
  File "C:\Users\Amol Bandgar\Desktop\python_django\ai_expense_saas\venv\Lib\site-packages\django\template\base.py", line 1091, in render
    return SafeString("".join([node.render_annotated(context) for node in self]))
                               ~~~~~~~~~~~~~~~~~~~~~^^^^^^^^^
  File "C:\Users\Amol Bandgar\Desktop\python_django\ai_expense_saas\venv\Lib\site-packages\django\template\base.py", line 1052, in render_annotated
    return self.render(context)
           ~~~~~~~~~~~^^^^^^^^^
  File "C:\Users\Amol Bandgar\Desktop\python_django\ai_expense_saas\venv\Lib\site-packages\django\template\loader_tags.py", line 135, in render
    compiled_parent = self.get_parent(context)
  File "C:\Users\Amol Bandgar\Desktop\python_django\ai_expense_saas\venv\Lib\site-packages\django\template\loader_tags.py", line 132, in get_parent
    return self.find_template(parent, context)
           ~~~~~~~~~~~~~~~~~~^^^^^^^^^^^^^^^^^
  File "C:\Users\Amol Bandgar\Desktop\python_django\ai_expense_saas\venv\Lib\site-packages\django\template\loader_tags.py", line 110, in find_template
    template, origin = context.template.engine.find_template(
                       ~~~~~~~~~~~~~~~~~~~~~~~~~~~~~~~~~~~~~^
        template_name,
        ^^^^^^^^^^^^^^
        skip=history,
        ^^^^^^^^^^^^^
    )
    ^
  File "C:\Users\Amol Bandgar\Desktop\python_django\ai_expense_saas\venv\Lib\site-packages\django\template\engine.py", line 159, in find_template
    template = loader.get_template(name, skip=skip)
  File "C:\Users\Amol Bandgar\Desktop\python_django\ai_expense_saas\venv\Lib\site-packages\django\template\loaders\cached.py", line 57, in get_template
    template = super().get_template(template_name, skip)
  File "C:\Users\Amol Bandgar\Desktop\python_django\ai_expense_saas\venv\Lib\site-packages\django\template\loaders\base.py", line 28, in get_template
    return Template(
        contents,
    ...<2 lines>...
        self.engine,
    )
  File "C:\Users\Amol Bandgar\Desktop\python_django\ai_expense_saas\venv\Lib\site-packages\django\template\base.py", line 157, in __init__
    self.nodelist = self.compile_nodelist()
                    ~~~~~~~~~~~~~~~~~~~~~^^
  File "C:\Users\Amol Bandgar\Desktop\python_django\ai_expense_saas\venv\Lib\site-packages\django\template\base.py", line 199, in compile_nodelist
    nodelist = parser.parse()
  File "C:\Users\Amol Bandgar\Desktop\python_django\ai_expense_saas\venv\Lib\site-packages\django\template\base.py", line 585, in parse
    raise self.error(token, e)
  File "C:\Users\Amol Bandgar\Desktop\python_django\ai_expense_saas\venv\Lib\site-packages\django\template\base.py", line 583, in parse
    compiled_result = compile_func(self, token)
  File "C:\Users\Amol Bandgar\Desktop\python_django\ai_expense_saas\venv\Lib\site-packages\django\template\defaulttags.py", line 994, in do_if
    nodelist = parser.parse(("elif", "else", "endif"))
  File "C:\Users\Amol Bandgar\Desktop\python_django\ai_expense_saas\venv\Lib\site-packages\django\template\base.py", line 585, in parse
    raise self.error(token, e)
  File "C:\Users\Amol Bandgar\Desktop\python_django\ai_expense_saas\venv\Lib\site-packages\django\template\base.py", line 583, in parse
    compiled_result = compile_func(self, token)
  File "C:\Users\Amol Bandgar\Desktop\python_django\ai_expense_saas\venv\Lib\site-packages\django\template\defaulttags.py", line 894, in do_for
    nodelist_loop = parser.parse(
        (
    ...<2 lines>...
        )
    )
  File "C:\Users\Amol Bandgar\Desktop\python_django\ai_expense_saas\venv\Lib\site-packages\django\template\base.py", line 556, in parse
    raise self.error(token, e)
  File "C:\Users\Amol Bandgar\Desktop\python_django\ai_expense_saas\venv\Lib\site-packages\django\template\base.py", line 554, in parse
    filter_expression = self.compile_filter(token.contents)
  File "C:\Users\Amol Bandgar\Desktop\python_django\ai_expense_saas\venv\Lib\site-packages\django\template\base.py", line 676, in compile_filter
    return FilterExpression(token, self)
  File "C:\Users\Amol Bandgar\Desktop\python_django\ai_expense_saas\venv\Lib\site-packages\django\template\base.py", line 776, in __init__
    raise TemplateSyntaxError(
    ...<2 lines>...
    )
django.template.exceptions.TemplateSyntaxError: Template: C:\Users\Amol Bandgar\Desktop\python_django\ai_expense_saas\templates\base.html, Could not parse the remainder: ' == 'success' and 'check-circle' or 'exclamation-circle'' from 'message.tags == 'success' and 'check-circle' or 'exclamation-circle''
ERROR 2026-02-22 19:59:20,861 log log_message 30236 32740 | Internal Server Error: /login/
Traceback (most recent call last):
  File "C:\Users\Amol Bandgar\AppData\Local\Programs\Python\Python313\Lib\site-packages\django\core\handlers\exception.py", line 55, in inner
    response = get_response(request)
  File "C:\Users\Amol Bandgar\AppData\Local\Programs\Python\Python313\Lib\site-packages\django\core\handlers\base.py", line 198, in _get_response
    response = wrapped_callback(request, *callback_args, **callback_kwargs)
  File "C:\Users\Amol Bandgar\AppData\Local\Programs\Python\Python313\Lib\site-packages\django\views\generic\base.py", line 106, in view
    return self.dispatch(request, *args, **kwargs)
           ~~~~~~~~~~~~~^^^^^^^^^^^^^^^^^^^^^^^^^^
  File "C:\Users\Amol Bandgar\AppData\Local\Programs\Python\Python313\Lib\site-packages\django\views\generic\base.py", line 145, in dispatch
    return handler(request, *args, **kwargs)
  File "C:\Users\Amol Bandgar\Desktop\python_django\ai_expense_saas\apps\users\views.py", line 21, in get
    return render(request, self.template_name, {'form': form})
  File "C:\Users\Amol Bandgar\AppData\Local\Programs\Python\Python313\Lib\site-packages\django\shortcuts.py", line 25, in render
    content = loader.render_to_string(template_name, context, request, using=using)
  File "C:\Users\Amol Bandgar\AppData\Local\Programs\Python\Python313\Lib\site-packages\django\template\loader.py", line 62, in render_to_string
    return template.render(context, request)
           ~~~~~~~~~~~~~~~^^^^^^^^^^^^^^^^^^
  File "C:\Users\Amol Bandgar\AppData\Local\Programs\Python\Python313\Lib\site-packages\django\template\backends\django.py", line 107, in render
    return self.template.render(context)
           ~~~~~~~~~~~~~~~~~~~~^^^^^^^^^
  File "C:\Users\Amol Bandgar\AppData\Local\Programs\Python\Python313\Lib\site-packages\django\template\base.py", line 174, in render
    return self._render(context)
           ~~~~~~~~~~~~^^^^^^^^^
  File "C:\Users\Amol Bandgar\AppData\Local\Programs\Python\Python313\Lib\site-packages\django\template\base.py", line 166, in _render
    return self.nodelist.render(context)
           ~~~~~~~~~~~~~~~~~~~~^^^^^^^^^
  File "C:\Users\Amol Bandgar\AppData\Local\Programs\Python\Python313\Lib\site-packages\django\template\base.py", line 1091, in render
    return SafeString("".join([node.render_annotated(context) for node in self]))
                               ~~~~~~~~~~~~~~~~~~~~~^^^^^^^^^
  File "C:\Users\Amol Bandgar\AppData\Local\Programs\Python\Python313\Lib\site-packages\django\template\base.py", line 1052, in render_annotated
    return self.render(context)
           ~~~~~~~~~~~^^^^^^^^^
  File "C:\Users\Amol Bandgar\AppData\Local\Programs\Python\Python313\Lib\site-packages\django\template\loader_tags.py", line 135, in render
    compiled_parent = self.get_parent(context)
  File "C:\Users\Amol Bandgar\AppData\Local\Programs\Python\Python313\Lib\site-packages\django\template\loader_tags.py", line 132, in get_parent
    return self.find_template(parent, context)
           ~~~~~~~~~~~~~~~~~~^^^^^^^^^^^^^^^^^
  File "C:\Users\Amol Bandgar\AppData\Local\Programs\Python\Python313\Lib\site-packages\django\template\loader_tags.py", line 110, in find_template
    template, origin = context.template.engine.find_template(
                       ~~~~~~~~~~~~~~~~~~~~~~~~~~~~~~~~~~~~~^
        template_name,
        ^^^^^^^^^^^^^^
        skip=history,
        ^^^^^^^^^^^^^
    )
    ^
  File "C:\Users\Amol Bandgar\AppData\Local\Programs\Python\Python313\Lib\site-packages\django\template\engine.py", line 159, in find_template
    template = loader.get_template(name, skip=skip)
  File "C:\Users\Amol Bandgar\AppData\Local\Programs\Python\Python313\Lib\site-packages\django\template\loaders\cached.py", line 57, in get_template
    template = super().get_template(template_name, skip)
  File "C:\Users\Amol Bandgar\AppData\Local\Programs\Python\Python313\Lib\site-packages\django\template\loaders\base.py", line 28, in get_template
    return Template(
        contents,
    ...<2 lines>...
        self.engine,
    )
  File "C:\Users\Amol Bandgar\AppData\Local\Programs\Python\Python313\Lib\site-packages\django\template\base.py", line 157, in __init__
    self.nodelist = self.compile_nodelist()
                    ~~~~~~~~~~~~~~~~~~~~~^^
  File "C:\Users\Amol Bandgar\AppData\Local\Programs\Python\Python313\Lib\site-packages\django\template\base.py", line 199, in compile_nodelist
    nodelist = parser.parse()
  File "C:\Users\Amol Bandgar\AppData\Local\Programs\Python\Python313\Lib\site-packages\django\template\base.py", line 585, in parse
    raise self.error(token, e)
  File "C:\Users\Amol Bandgar\AppData\Local\Programs\Python\Python313\Lib\site-packages\django\template\base.py", line 583, in parse
    compiled_result = compile_func(self, token)
  File "C:\Users\Amol Bandgar\AppData\Local\Programs\Python\Python313\Lib\site-packages\django\template\defaulttags.py", line 994, in do_if
    nodelist = parser.parse(("elif", "else", "endif"))
  File "C:\Users\Amol Bandgar\AppData\Local\Programs\Python\Python313\Lib\site-packages\django\template\base.py", line 585, in parse
    raise self.error(token, e)
  File "C:\Users\Amol Bandgar\AppData\Local\Programs\Python\Python313\Lib\site-packages\django\template\base.py", line 583, in parse
    compiled_result = compile_func(self, token)
  File "C:\Users\Amol Bandgar\AppData\Local\Programs\Python\Python313\Lib\site-packages\django\template\defaulttags.py", line 894, in do_for
    nodelist_loop = parser.parse(
        (
    ...<2 lines>...
        )
    )
  File "C:\Users\Amol Bandgar\AppData\Local\Programs\Python\Python313\Lib\site-packages\django\template\base.py", line 556, in parse
    raise self.error(token, e)
  File "C:\Users\Amol Bandgar\AppData\Local\Programs\Python\Python313\Lib\site-packages\django\template\base.py", line 554, in parse
    filter_expression = self.compile_filter(token.contents)
  File "C:\Users\Amol Bandgar\AppData\Local\Programs\Python\Python313\Lib\site-packages\django\template\base.py", line 676, in compile_filter
    return FilterExpression(token, self)
  File "C:\Users\Amol Bandgar\AppData\Local\Programs\Python\Python313\Lib\site-packages\django\template\base.py", line 776, in __init__
    raise TemplateSyntaxError(
    ...<2 lines>...
    )
django.template.exceptions.TemplateSyntaxError: Template: C:\Users\Amol Bandgar\Desktop\python_django\ai_expense_saas\templates\base.html, Could not parse the remainder: ' == 'success' and 'check-circle' or 'exclamation-circle'' from 'message.tags == 'success' and 'check-circle' or 'exclamation-circle''
